{"name": "run a simple test -- @1.4 ", "status": "failed", "statusDetails": {"message": "AssertionError: Test Failed\n", "trace": "  File \"/Users/mustafa/Workspace/DLS-ETL/env/lib/python3.9/site-packages/behave/model.py\", line 1329, in run\n    match.run(runner.context)\n  File \"/Users/mustafa/Workspace/DLS-ETL/env/lib/python3.9/site-packages/behave/matchers.py\", line 98, in run\n    self.func(context, *args, **kwargs)\n  File \"features/steps/rules.py\", line 43, in login_status\n    assert False, \"Test Failed\"\n"}, "steps": [{"name": "Given launch chrome browser", "status": "passed", "start": 1614094681901, "stop": 1614094683860}, {"name": "When open orange hrm page", "status": "passed", "start": 1614094683861, "stop": 1614094690161}, {"name": "And Enter username \"adminxyz\" and password \"adminxyz\"", "status": "passed", "start": 1614094690161, "stop": 1614094690288}, {"name": "And click on login button", "status": "passed", "start": 1614094690288, "stop": 1614094695998}, {"name": "Then user login successfully", "status": "failed", "statusDetails": {"message": "AssertionError: Test Failed\n", "trace": "  File \"/Users/mustafa/Workspace/DLS-ETL/env/lib/python3.9/site-packages/behave/model.py\", line 1329, in run\n    match.run(runner.context)\n  File \"/Users/mustafa/Workspace/DLS-ETL/env/lib/python3.9/site-packages/behave/matchers.py\", line 98, in run\n    self.func(context, *args, **kwargs)\n  File \"features/steps/rules.py\", line 43, in login_status\n    assert False, \"Test Failed\"\n"}, "start": 1614094695998, "stop": 1614094696063}], "parameters": [{"name": "username", "value": "adminxyz"}, {"name": "password", "value": "adminxyz"}], "start": 1614094681900, "stop": 1614094696063, "uuid": "507b512c-b27d-4972-befb-870af7688a9d", "historyId": "6966d263dbafe4b3b0df7970d5fda1be", "fullName": "showing off behave: run a simple test", "labels": [{"name": "severity", "value": "normal"}, {"name": "feature", "value": "showing off behave"}, {"name": "framework", "value": "behave"}, {"name": "language", "value": "cpython3"}]}