{"name": "run a simple test -- @1.1 ", "status": "failed", "statusDetails": {"message": "AssertionError: Test Failed\n", "trace": "  File \"/Users/mustafa/Workspace/DLS-ETL/env/lib/python3.9/site-packages/behave/model.py\", line 1329, in run\n    match.run(runner.context)\n  File \"/Users/mustafa/Workspace/DLS-ETL/env/lib/python3.9/site-packages/behave/matchers.py\", line 98, in run\n    self.func(context, *args, **kwargs)\n  File \"features/steps/rules.py\", line 43, in login_status\n    assert False, \"Test Failed\"\n"}, "steps": [{"name": "Given launch chrome browser", "status": "passed", "start": 1614094644669, "stop": 1614094646710}, {"name": "When open orange hrm page", "status": "passed", "start": 1614094646710, "stop": 1614094651381}, {"name": "And Enter username \"admin\" and password \"admin123\"", "status": "passed", "start": 1614094651382, "stop": 1614094651506}, {"name": "And click on login button", "status": "passed", "start": 1614094651506, "stop": 1614094656298}, {"name": "Then user login successfully", "status": "failed", "statusDetails": {"message": "AssertionError: Test Failed\n", "trace": "  File \"/Users/mustafa/Workspace/DLS-ETL/env/lib/python3.9/site-packages/behave/model.py\", line 1329, in run\n    match.run(runner.context)\n  File \"/Users/mustafa/Workspace/DLS-ETL/env/lib/python3.9/site-packages/behave/matchers.py\", line 98, in run\n    self.func(context, *args, **kwargs)\n  File \"features/steps/rules.py\", line 43, in login_status\n    assert False, \"Test Failed\"\n"}, "start": 1614094656298, "stop": 1614094656364}], "parameters": [{"name": "username", "value": "admin"}, {"name": "password", "value": "admin123"}], "start": 1614094644669, "stop": 1614094656365, "uuid": "c0ef0427-baa2-4611-a70b-fce9ee018ab5", "historyId": "4aec1641090425cdabe281e0c9414487", "fullName": "showing off behave: run a simple test", "labels": [{"name": "severity", "value": "normal"}, {"name": "feature", "value": "showing off behave"}, {"name": "framework", "value": "behave"}, {"name": "language", "value": "cpython3"}]}