{"name": "run a simple test -- @1.3 ", "status": "failed", "statusDetails": {"message": "AssertionError: Test Failed\n", "trace": "  File \"/Users/mustafa/Workspace/DLS-ETL/env/lib/python3.9/site-packages/behave/model.py\", line 1329, in run\n    match.run(runner.context)\n  File \"/Users/mustafa/Workspace/DLS-ETL/env/lib/python3.9/site-packages/behave/matchers.py\", line 98, in run\n    self.func(context, *args, **kwargs)\n  File \"features/steps/rules.py\", line 43, in login_status\n    assert False, \"Test Failed\"\n"}, "steps": [{"name": "Given launch chrome browser", "status": "passed", "start": 1614094669318, "stop": 1614094671279}, {"name": "When open orange hrm page", "status": "passed", "start": 1614094671279, "stop": 1614094677263}, {"name": "And Enter username \"adminabc\" and password \"adminabc\"", "status": "passed", "start": 1614094677263, "stop": 1614094677393}, {"name": "And click on login button", "status": "passed", "start": 1614094677393, "stop": 1614094681830}, {"name": "Then user login successfully", "status": "failed", "statusDetails": {"message": "AssertionError: Test Failed\n", "trace": "  File \"/Users/mustafa/Workspace/DLS-ETL/env/lib/python3.9/site-packages/behave/model.py\", line 1329, in run\n    match.run(runner.context)\n  File \"/Users/mustafa/Workspace/DLS-ETL/env/lib/python3.9/site-packages/behave/matchers.py\", line 98, in run\n    self.func(context, *args, **kwargs)\n  File \"features/steps/rules.py\", line 43, in login_status\n    assert False, \"Test Failed\"\n"}, "start": 1614094681830, "stop": 1614094681899}], "parameters": [{"name": "username", "value": "adminabc"}, {"name": "password", "value": "adminabc"}], "start": 1614094669317, "stop": 1614094681899, "uuid": "1b4479fc-d2e5-402c-8a97-7ecc956dcdf5", "historyId": "d34d1291b9e7e2274bc5c8434b50b7bc", "fullName": "showing off behave: run a simple test", "labels": [{"name": "severity", "value": "normal"}, {"name": "feature", "value": "showing off behave"}, {"name": "framework", "value": "behave"}, {"name": "language", "value": "cpython3"}]}