{"name": "run a simple test -- @1.2 ", "status": "failed", "statusDetails": {"message": "AssertionError: Test Failed\n", "trace": "  File \"/Users/mustafa/Workspace/DLS-ETL/env/lib/python3.9/site-packages/behave/model.py\", line 1329, in run\n    match.run(runner.context)\n  File \"/Users/mustafa/Workspace/DLS-ETL/env/lib/python3.9/site-packages/behave/matchers.py\", line 98, in run\n    self.func(context, *args, **kwargs)\n  File \"features/steps/rules.py\", line 43, in login_status\n    assert False, \"Test Failed\"\n"}, "steps": [{"name": "Given launch chrome browser", "status": "passed", "start": 1614094656367, "stop": 1614094658315}, {"name": "When open orange hrm page", "status": "passed", "start": 1614094658316, "stop": 1614094664034}, {"name": "And Enter username \"admin123\" and password \"adminabc\"", "status": "passed", "start": 1614094664034, "stop": 1614094664158}, {"name": "And click on login button", "status": "passed", "start": 1614094664159, "stop": 1614094669217}, {"name": "Then user login successfully", "status": "failed", "statusDetails": {"message": "AssertionError: Test Failed\n", "trace": "  File \"/Users/mustafa/Workspace/DLS-ETL/env/lib/python3.9/site-packages/behave/model.py\", line 1329, in run\n    match.run(runner.context)\n  File \"/Users/mustafa/Workspace/DLS-ETL/env/lib/python3.9/site-packages/behave/matchers.py\", line 98, in run\n    self.func(context, *args, **kwargs)\n  File \"features/steps/rules.py\", line 43, in login_status\n    assert False, \"Test Failed\"\n"}, "start": 1614094669217, "stop": 1614094669286}], "parameters": [{"name": "username", "value": "admin123"}, {"name": "password", "value": "adminabc"}], "start": 1614094656366, "stop": 1614094669287, "uuid": "4f19103c-64fc-4ee4-a3bf-bdb3967ca8a3", "historyId": "ed8d972c4ff5fa6969a4db9b5bb8da48", "fullName": "showing off behave: run a simple test", "labels": [{"name": "severity", "value": "normal"}, {"name": "feature", "value": "showing off behave"}, {"name": "framework", "value": "behave"}, {"name": "language", "value": "cpython3"}]}